<?xml version="1.0" encoding="UTF-8"?>
<!-- Generated by org.testng.reporters.JUnitXMLReporter -->
<testsuite hostname="NATARAJAN" ignored="0" name="Test1" tests="1" failures="1" timestamp="29 Aug 2018 10:15:21 GMT" time="63.191" errors="0">
  <testcase name="register" time="39.145" classname="com.vodafone.automation.framework.test.TestSuite1">
    <failure type="java.lang.NullPointerException">
      <![CDATA[java.lang.NullPointerException
at com.vodafone.automation.framework.reusable.WebDriverHelper.click(WebDriverHelper.java:83)
at com.vodafone.automation.framework.test.TestSuite1.register(TestSuite1.java:40)
at java.util.concurrent.FutureTask.run(FutureTask.java:266)
at java.util.concurrent.ThreadPoolExecutor.runWorker(ThreadPoolExecutor.java:1149)
at java.util.concurrent.ThreadPoolExecutor$Worker.run(ThreadPoolExecutor.java:624)
at java.lang.Thread.run(Thread.java:748)
... Removed 16 stack frames]]>
    </failure>
  </testcase> <!-- register -->
</testsuite> <!-- Test1 -->
